Running: C:\Xilinx\14.7\ISE_DS\ISE\bin\nt64\unwrapped\fuse.exe -intstyle ise -incremental -lib unisims_ver -lib unimacro_ver -lib xilinxcorelib_ver -lib secureip -o E:/university/3991/fpga/homeworks/comparator/comparator/test_comparatore_4in_isim_beh.exe -prj E:/university/3991/fpga/homeworks/comparator/comparator/test_comparatore_4in_beh.prj work.test_comparatore_4in work.glbl 
ISim P.20131013 (signature 0x7708f090)
Number of CPUs detected in this system: 4
Turning on mult-threading, number of parallel sub-compilation jobs: 8 
Determining compilation order of HDL files
Analyzing Verilog file "E:/university/3991/fpga/homeworks/comparator/comparator/comparatore_2in.v" into library work
Analyzing Verilog file "E:/university/3991/fpga/homeworks/comparator/comparator/comparatore_4in.v" into library work
Analyzing Verilog file "E:/university/3991/fpga/homeworks/comparator/comparator/test_comparatore_4in.v" into library work
Analyzing Verilog file "C:/Xilinx/14.7/ISE_DS/ISE//verilog/src/glbl.v" into library work
Starting static elaboration
Completed static elaboration
Compiling module comparatore_2in
Compiling module comparatore_4in
Compiling module test_comparatore_4in
Compiling module glbl
Time Resolution for simulation is 1ps.
Waiting for 1 sub-compilation(s) to finish...
Compiled 4 Verilog Units
Built simulation executable E:/university/3991/fpga/homeworks/comparator/comparator/test_comparatore_4in_isim_beh.exe
Fuse Memory Usage: 26588 KB
Fuse CPU Usage: 374 ms
